<?xml version="1.0" encoding="UTF-8"?>
<!-- Generated by org.testng.reporters.JUnitReportReporter -->
<testsuite skipped="2" hostname="ELW3044" name="com.crm.qa.testcases.ContactsPageTest" tests="3" failures="0" timestamp="2021-01-23T21:49:22 IST" time="17.340" errors="0">
  <testcase name="createNewContactTest" time="17.340" classname="com.crm.qa.testcases.ContactsPageTest"/>
  <system-out/>
  <testcase name="verifyContactsPageTest" classname="com.crm.qa.testcases.ContactsPageTest">
    <skipped/>
  </testcase> <!-- verifyContactsPageTest -->
  <system-out/>
  <testcase name="selectContactCheckboxTest" classname="com.crm.qa.testcases.ContactsPageTest">
    <skipped/>
  </testcase> <!-- selectContactCheckboxTest -->
  <system-out/>
</testsuite> <!-- com.crm.qa.testcases.ContactsPageTest -->
