<?xml version="1.0" encoding="UTF-8"?>
<!-- Generated by org.testng.reporters.JUnitReportReporter -->
<testsuite skipped="0" hostname="LAPTOP-GVJN114R" name="com.crm.qa.testcases.LoginPageTest" tests="2" failures="0" timestamp="03 Feb 2021 18:02:07 GMT" time="1.313" errors="0">
  <testcase name="loginPageTitleTest" time="0.060" classname="com.crm.qa.testcases.LoginPageTest"/>
  <testcase name="login" time="1.253" classname="com.crm.qa.testcases.LoginPageTest"/>
</testsuite> <!-- com.crm.qa.testcases.LoginPageTest -->
