<?xml version="1.0" encoding="UTF-8"?>
<!-- Generated by org.testng.reporters.JUnitReportReporter -->
<testsuite skipped="0" hostname="ELW3044" name="com.crm.qa.testcases.HomePageTest" tests="3" failures="0" timestamp="2021-01-15T23:31:21 IST" time="46.343" errors="0">
  <testcase name="clickContactsLinkTest" time="21.236" classname="com.crm.qa.testcases.HomePageTest"/>
  <system-out/>
  <testcase name="verifyHomePageTest" time="10.814" classname="com.crm.qa.testcases.HomePageTest"/>
  <system-out/>
  <testcase name="verifyLoggedInUserTest" time="14.293" classname="com.crm.qa.testcases.HomePageTest"/>
  <system-out/>
</testsuite> <!-- com.crm.qa.testcases.HomePageTest -->
