<?xml version="1.0" encoding="UTF-8"?>
<!-- Generated by org.testng.reporters.JUnitReportReporter -->
<testsuite skipped="0" hostname="LAPTOP-GVJN114R" name="com.crm.qa.testcases.LoginPageTest" tests="2" failures="0" timestamp="2021-02-08T00:00:40 IST" time="0.739" errors="0">
  <testcase name="loginPageTitleTest" time="0.053" classname="com.crm.qa.testcases.LoginPageTest"/>
  <system-out/>
  <testcase name="login" time="0.686" classname="com.crm.qa.testcases.LoginPageTest"/>
  <system-out/>
</testsuite> <!-- com.crm.qa.testcases.LoginPageTest -->
