<?xml version="1.0" encoding="UTF-8"?>
<!-- Generated by org.testng.reporters.JUnitReportReporter -->
<testsuite skipped="0" hostname="LAPTOP-GVJN114R" name="com.crm.qa.testcases.HomePageTest" tests="4" failures="0" timestamp="2021-02-08T00:00:40 IST" time="237.617" errors="0">
  <testcase name="verifyHomePageTest" time="56.270" classname="com.crm.qa.testcases.HomePageTest"/>
  <system-out/>
  <testcase name="verifyLoggedInUserTest" time="111.148" classname="com.crm.qa.testcases.HomePageTest"/>
  <system-out/>
  <testcase name="clickContactsLinkTest" time="41.981" classname="com.crm.qa.testcases.HomePageTest"/>
  <system-out/>
  <testcase name="clickDealsLinkTest" time="28.218" classname="com.crm.qa.testcases.HomePageTest"/>
  <system-out/>
</testsuite> <!-- com.crm.qa.testcases.HomePageTest -->
